<?xml version="1.0" encoding="UTF-8"?>
<testsuite xmlns:xsi="http://www.w3.org/2001/XMLSchema-instance" xsi:noNamespaceSchemaLocation="https://maven.apache.org/surefire/maven-surefire-plugin/xsd/surefire-test-report.xsd" version="3.0.2" name="com.example.loans.LoansApplicationTests" time="19.267" tests="1" errors="0" skipped="0" failures="0">
  <properties>
[...]
</properties>
  <testcase name="contextLoads" classname="com.example.loans.LoansApplicationTests" time="3.289">
    <system-out><![CDATA[10:22:33.925 [main] INFO org.springframework.test.context.support.AnnotationConfigContextLoaderUtils -- Could not detect default configuration classes for test class [com.example.loans.LoansApplicationTests]: LoansApplicationTests does not declare any static, non-private, non-final, nested classes annotated with @Configuration.
10:22:34.124 [main] INFO org.springframework.boot.test.context.SpringBootTestContextBootstrapper -- Found @SpringBootConfiguration com.example.loans.LoansApplication for test class com.example.loans.LoansApplicationTests
10:22:34.538 [main] INFO org.springframework.boot.devtools.restart.RestartApplicationListener -- Restart disabled due to context in which it is running

  .   ____          _            __ _ _
 /\\ / ___'_ __ _ _(_)_ __  __ _ \ \ \ \
( ( )\___ | '_ | '_| | '_ \/ _` | \ \ \ \
 \\/  ___)| |_)| | | | | || (_| |  ) ) ) )
  '  |____| .__|_| |_|_| |_\__, | / / / /
 =========|_|==============|___/=/_/_/_/

 :: Spring Boot ::                (v3.4.2)

2025-04-20T10:22:35.332+05:30  INFO 3752 --- [           main] c.example.loans.LoansApplicationTests    : Starting LoansApplicationTests using Java 17.0.12 with PID 3752 (started by abcd in D:\JAVA\UDemy\Microservices\Section4\loans)
2025-04-20T10:22:35.344+05:30  INFO 3752 --- [           main] c.example.loans.LoansApplicationTests    : No active profile set, falling back to 1 default profile: "default"
2025-04-20T10:22:38.616+05:30  INFO 3752 --- [           main] .s.d.r.c.RepositoryConfigurationDelegate : Bootstrapping Spring Data JPA repositories in DEFAULT mode.
2025-04-20T10:22:38.813+05:30  INFO 3752 --- [           main] .s.d.r.c.RepositoryConfigurationDelegate : Finished Spring Data repository scanning in 154 ms. Found 1 JPA repository interface.
2025-04-20T10:22:40.670+05:30  INFO 3752 --- [           main] com.zaxxer.hikari.HikariDataSource       : HikariPool-1 - Starting...
2025-04-20T10:22:41.210+05:30  INFO 3752 --- [           main] com.zaxxer.hikari.pool.HikariPool        : HikariPool-1 - Added connection conn0: url=jdbc:h2:mem:testdb user=SA
2025-04-20T10:22:41.214+05:30  INFO 3752 --- [           main] com.zaxxer.hikari.HikariDataSource       : HikariPool-1 - Start completed.
2025-04-20T10:22:41.578+05:30  INFO 3752 --- [           main] o.hibernate.jpa.internal.util.LogHelper  : HHH000204: Processing PersistenceUnitInfo [name: default]
2025-04-20T10:22:41.760+05:30  INFO 3752 --- [           main] org.hibernate.Version                    : HHH000412: Hibernate ORM core version 6.6.5.Final
2025-04-20T10:22:41.856+05:30  INFO 3752 --- [           main] o.h.c.internal.RegionFactoryInitiator    : HHH000026: Second-level cache disabled
2025-04-20T10:22:42.529+05:30  INFO 3752 --- [           main] o.s.o.j.p.SpringPersistenceUnitInfo      : No LoadTimeWeaver setup: ignoring JPA class transformer
2025-04-20T10:22:42.675+05:30  WARN 3752 --- [           main] org.hibernate.orm.deprecation            : HHH90000025: H2Dialect does not need to be specified explicitly using 'hibernate.dialect' (remove the property setting and it will be selected by default)
2025-04-20T10:22:42.720+05:30  INFO 3752 --- [           main] org.hibernate.orm.connections.pooling    : HHH10001005: Database info:
	Database JDBC URL [Connecting through datasource 'HikariDataSource (HikariPool-1)']
	Database driver: undefined/unknown
	Database version: 2.3.232
	Autocommit mode: undefined/unknown
	Isolation level: undefined/unknown
	Minimum pool size: undefined/unknown
	Maximum pool size: undefined/unknown
2025-04-20T10:22:44.312+05:30  INFO 3752 --- [           main] o.h.e.t.j.p.i.JtaPlatformInitiator       : HHH000489: No JTA platform available (set 'hibernate.transaction.jta.platform' to enable JTA platform integration)
Hibernate: alter table if exists loans alter column loan_id set data type bigint
Hibernate: alter table if exists loans alter column created_at set data type timestamp(6)
Hibernate: alter table if exists loans alter column created_by set data type varchar(255)
Hibernate: alter table if exists loans alter column updated_at set data type timestamp(6)
Hibernate: alter table if exists loans alter column updated_by set data type varchar(255)
Hibernate: alter table if exists loans alter column loan_number set data type varchar(255)
Hibernate: alter table if exists loans alter column loan_type set data type varchar(255)
Hibernate: alter table if exists loans alter column mobile_number set data type varchar(255)
2025-04-20T10:22:44.436+05:30  INFO 3752 --- [           main] j.LocalContainerEntityManagerFactoryBean : Initialized JPA EntityManagerFactory for persistence unit 'default'
2025-04-20T10:22:46.200+05:30  WARN 3752 --- [           main] JpaBaseConfiguration$JpaWebConfiguration : spring.jpa.open-in-view is enabled by default. Therefore, database queries may be performed during view rendering. Explicitly configure spring.jpa.open-in-view to disable this warning
2025-04-20T10:22:48.499+05:30  INFO 3752 --- [           main] o.s.b.a.h2.H2ConsoleAutoConfiguration    : H2 console available at '/h2-console'. Database available at 'jdbc:h2:mem:testdb'
2025-04-20T10:22:48.654+05:30  INFO 3752 --- [           main] o.s.b.a.e.web.EndpointLinksResolver      : Exposing 1 endpoint beneath base path '/actuator'
2025-04-20T10:22:49.190+05:30  INFO 3752 --- [           main] c.example.loans.LoansApplicationTests    : Started LoansApplicationTests in 14.683 seconds (process running for 16.588)
]]></system-out>
  </testcase>
</testsuite>