<?xml version="1.0" encoding="UTF-8"?>
<testsuite xmlns:xsi="http://www.w3.org/2001/XMLSchema-instance" xsi:noNamespaceSchemaLocation="https://maven.apache.org/surefire/maven-surefire-plugin/xsd/surefire-test-report.xsd" version="3.0.2" name="com.EasyBytes.account.AccountApplicationTests" time="28.466" tests="1" errors="0" skipped="0" failures="0">
  <properties>
[...]
</properties>
  <testcase name="contextLoads" classname="com.EasyBytes.account.AccountApplicationTests" time="1.356">
    <system-out><![CDATA[08:01:21.847 [main] INFO org.springframework.test.context.support.AnnotationConfigContextLoaderUtils -- Could not detect default configuration classes for test class [com.EasyBytes.account.AccountApplicationTests]: AccountApplicationTests does not declare any static, non-private, non-final, nested classes annotated with @Configuration.
08:01:22.206 [main] INFO org.springframework.boot.test.context.SpringBootTestContextBootstrapper -- Found @SpringBootConfiguration com.EasyBytes.account.AccountApplication for test class com.EasyBytes.account.AccountApplicationTests
08:01:23.190 [main] INFO org.springframework.boot.devtools.restart.RestartApplicationListener -- Restart disabled due to context in which it is running

  .   ____          _            __ _ _
 /\\ / ___'_ __ _ _(_)_ __  __ _ \ \ \ \
( ( )\___ | '_ | '_| | '_ \/ _` | \ \ \ \
 \\/  ___)| |_)| | | | | || (_| |  ) ) ) )
  '  |____| .__|_| |_|_| |_\__, | / / / /
 =========|_|==============|___/=/_/_/_/

 :: Spring Boot ::                (v3.4.1)

2025-05-11T08:01:27.591+05:30  INFO 14264 --- [accounts] [           main] c.E.account.AccountApplicationTests      : Starting AccountApplicationTests using Java 17.0.12 with PID 14264 (started by abcd in D:\JAVA\UDemy\Microservices\Section7\accounts)
2025-05-11T08:01:27.591+05:30  INFO 14264 --- [accounts] [           main] c.E.account.AccountApplicationTests      : The following 1 profile is active: "prod"
2025-05-11T08:01:27.726+05:30  INFO 14264 --- [accounts] [           main] o.s.c.c.c.ConfigServerConfigDataLoader   : Fetching config from server at : http://localhost:8071/
2025-05-11T08:01:27.726+05:30  INFO 14264 --- [accounts] [           main] o.s.c.c.c.ConfigServerConfigDataLoader   : Located environment: name=accounts, profiles=[default], label=null, version=f569329adecf1389c38a4c37ee1f451f2902fdd2, state=
2025-05-11T08:01:27.726+05:30  INFO 14264 --- [accounts] [           main] o.s.c.c.c.ConfigServerConfigDataLoader   : Fetching config from server at : http://localhost:8071/
2025-05-11T08:01:27.726+05:30  INFO 14264 --- [accounts] [           main] o.s.c.c.c.ConfigServerConfigDataLoader   : Located environment: name=accounts, profiles=[prod], label=null, version=f569329adecf1389c38a4c37ee1f451f2902fdd2, state=
2025-05-11T08:01:33.954+05:30  INFO 14264 --- [accounts] [           main] .s.d.r.c.RepositoryConfigurationDelegate : Bootstrapping Spring Data JPA repositories in DEFAULT mode.
2025-05-11T08:01:34.215+05:30  INFO 14264 --- [accounts] [           main] .s.d.r.c.RepositoryConfigurationDelegate : Finished Spring Data repository scanning in 232 ms. Found 2 JPA repository interfaces.
2025-05-11T08:01:34.884+05:30  INFO 14264 --- [accounts] [           main] o.s.cloud.context.scope.GenericScope     : BeanFactory id=e7cd4cbc-9648-3e54-80ee-c64ac91dc321
2025-05-11T08:01:35.456+05:30  WARN 14264 --- [accounts] [           main] trationDelegate$BeanPostProcessorChecker : Bean 'org.springframework.ws.config.annotation.DelegatingWsConfiguration' of type [org.springframework.ws.config.annotation.DelegatingWsConfiguration$$SpringCGLIB$$0] is not eligible for getting processed by all BeanPostProcessors (for example: not eligible for auto-proxying). The currently created BeanPostProcessor [annotationActionEndpointMapping] is declared through a non-static factory method on that class; consider declaring it as static instead.
2025-05-11T08:01:35.604+05:30  INFO 14264 --- [accounts] [           main] .w.s.a.s.AnnotationActionEndpointMapping : Supporting [WS-Addressing August 2004, WS-Addressing 1.0]
2025-05-11T08:01:36.630+05:30  INFO 14264 --- [accounts] [           main] com.zaxxer.hikari.HikariDataSource       : HikariPool-1 - Starting...
2025-05-11T08:01:37.544+05:30  INFO 14264 --- [accounts] [           main] com.zaxxer.hikari.pool.HikariPool        : HikariPool-1 - Added connection com.mysql.cj.jdbc.ConnectionImpl@29394966
2025-05-11T08:01:37.550+05:30  INFO 14264 --- [accounts] [           main] com.zaxxer.hikari.HikariDataSource       : HikariPool-1 - Start completed.
2025-05-11T08:01:38.010+05:30  INFO 14264 --- [accounts] [           main] o.hibernate.jpa.internal.util.LogHelper  : HHH000204: Processing PersistenceUnitInfo [name: default]
2025-05-11T08:01:38.303+05:30  INFO 14264 --- [accounts] [           main] org.hibernate.Version                    : HHH000412: Hibernate ORM core version 6.6.4.Final
2025-05-11T08:01:38.515+05:30  INFO 14264 --- [accounts] [           main] o.h.c.internal.RegionFactoryInitiator    : HHH000026: Second-level cache disabled
2025-05-11T08:01:39.612+05:30  INFO 14264 --- [accounts] [           main] o.s.o.j.p.SpringPersistenceUnitInfo      : No LoadTimeWeaver setup: ignoring JPA class transformer
2025-05-11T08:01:39.830+05:30  INFO 14264 --- [accounts] [           main] org.hibernate.orm.connections.pooling    : HHH10001005: Database info:
	Database JDBC URL [Connecting through datasource 'HikariDataSource (HikariPool-1)']
	Database driver: undefined/unknown
	Database version: 9.3
	Autocommit mode: undefined/unknown
	Isolation level: undefined/unknown
	Minimum pool size: undefined/unknown
	Maximum pool size: undefined/unknown
2025-05-11T08:01:41.962+05:30  INFO 14264 --- [accounts] [           main] o.h.e.t.j.p.i.JtaPlatformInitiator       : HHH000489: No JTA platform available (set 'hibernate.transaction.jta.platform' to enable JTA platform integration)
2025-05-11T08:01:42.126+05:30  INFO 14264 --- [accounts] [           main] j.LocalContainerEntityManagerFactoryBean : Initialized JPA EntityManagerFactory for persistence unit 'default'
2025-05-11T08:01:44.734+05:30  WARN 14264 --- [accounts] [           main] JpaBaseConfiguration$JpaWebConfiguration : spring.jpa.open-in-view is enabled by default. Therefore, database queries may be performed during view rendering. Explicitly configure spring.jpa.open-in-view to disable this warning
2025-05-11T08:01:48.058+05:30  INFO 14264 --- [accounts] [           main] o.s.b.a.e.web.EndpointLinksResolver      : Exposing 16 endpoints beneath base path '/actuator'
2025-05-11T08:01:48.382+05:30  INFO 14264 --- [accounts] [           main] c.E.account.AccountApplicationTests      : Started AccountApplicationTests in 25.245 seconds (process running for 28.454)
Hello World
]]></system-out>
  </testcase>
</testsuite>