<?xml version="1.0" encoding="UTF-8"?>
<testsuite xmlns:xsi="http://www.w3.org/2001/XMLSchema-instance" xsi:noNamespaceSchemaLocation="https://maven.apache.org/surefire/maven-surefire-plugin/xsd/surefire-test-report-3.0.xsd" version="3.0" name="com.example.loans.LoansApplicationTests" time="25.39" tests="1" errors="0" skipped="0" failures="0">
  <properties>
[...]
</properties>
  <testcase name="contextLoads" classname="com.example.loans.LoansApplicationTests" time="1.346">
    <system-out><![CDATA[23:13:00.610 [main] INFO org.springframework.test.context.support.AnnotationConfigContextLoaderUtils -- Could not detect default configuration classes for test class [com.example.loans.LoansApplicationTests]: LoansApplicationTests does not declare any static, non-private, non-final, nested classes annotated with @Configuration.
23:13:00.895 [main] INFO org.springframework.boot.test.context.SpringBootTestContextBootstrapper -- Found @SpringBootConfiguration com.example.loans.LoansApplication for test class com.example.loans.LoansApplicationTests
23:13:01.334 [main] INFO org.springframework.boot.devtools.restart.RestartApplicationListener -- Restart disabled due to context in which it is running

  .   ____          _            __ _ _
 /\\ / ___'_ __ _ _(_)_ __  __ _ \ \ \ \
( ( )\___ | '_ | '_| | '_ \/ _` | \ \ \ \
 \\/  ___)| |_)| | | | | || (_| |  ) ) ) )
  '  |____| .__|_| |_|_| |_\__, | / / / /
 =========|_|==============|___/=/_/_/_/
 :: Spring Boot ::                (v3.2.4)

2025-05-15T23:13:06.760+05:30  INFO 680 --- [loans] [           main] c.example.loans.LoansApplicationTests    : Starting LoansApplicationTests using Java 17.0.12 with PID 680 (started by abcd in D:\JAVA\UDemy\Microservices\Section8\loans)
2025-05-15T23:13:06.766+05:30  INFO 680 --- [loans] [           main] c.example.loans.LoansApplicationTests    : The following 1 profile is active: "prod"
2025-05-15T23:13:06.858+05:30  INFO 680 --- [loans] [           main] o.s.c.c.c.ConfigServerConfigDataLoader   : Fetching config from server at : http://localhost:8071/
2025-05-15T23:13:06.859+05:30  INFO 680 --- [loans] [           main] o.s.c.c.c.ConfigServerConfigDataLoader   : Located environment: name=loans, profiles=[default], label=null, version=2c5f09557e75feb495a709ba864e42ee36215ef5, state=
2025-05-15T23:13:06.859+05:30  INFO 680 --- [loans] [           main] o.s.c.c.c.ConfigServerConfigDataLoader   : Fetching config from server at : http://localhost:8071/
2025-05-15T23:13:06.860+05:30  INFO 680 --- [loans] [           main] o.s.c.c.c.ConfigServerConfigDataLoader   : Located environment: name=loans, profiles=[prod], label=null, version=2c5f09557e75feb495a709ba864e42ee36215ef5, state=
2025-05-15T23:13:09.928+05:30  INFO 680 --- [loans] [           main] .s.d.r.c.RepositoryConfigurationDelegate : Bootstrapping Spring Data JPA repositories in DEFAULT mode.
2025-05-15T23:13:10.235+05:30  INFO 680 --- [loans] [           main] .s.d.r.c.RepositoryConfigurationDelegate : Finished Spring Data repository scanning in 288 ms. Found 1 JPA repository interface.
2025-05-15T23:13:10.992+05:30  INFO 680 --- [loans] [           main] o.s.cloud.context.scope.GenericScope     : BeanFactory id=71b850ac-de44-3c74-aa55-765708a3f2a7
2025-05-15T23:13:12.203+05:30  WARN 680 --- [loans] [           main] trationDelegate$BeanPostProcessorChecker : Bean 'org.springframework.cloud.client.loadbalancer.LoadBalancerAutoConfiguration$DeferringLoadBalancerInterceptorConfig' of type [org.springframework.cloud.client.loadbalancer.LoadBalancerAutoConfiguration$DeferringLoadBalancerInterceptorConfig] is not eligible for getting processed by all BeanPostProcessors (for example: not eligible for auto-proxying). The currently created BeanPostProcessor [lbRestClientPostProcessor] is declared through a non-static factory method on that class; consider declaring it as static instead.
2025-05-15T23:13:12.211+05:30  WARN 680 --- [loans] [           main] trationDelegate$BeanPostProcessorChecker : Bean 'deferringLoadBalancerInterceptor' of type [org.springframework.cloud.client.loadbalancer.DeferringLoadBalancerInterceptor] is not eligible for getting processed by all BeanPostProcessors (for example: not eligible for auto-proxying). Is this bean getting eagerly injected into a currently created BeanPostProcessor [lbRestClientPostProcessor]? Check the corresponding BeanPostProcessor declaration and its dependencies.
2025-05-15T23:13:12.487+05:30  INFO 680 --- [loans] [           main] com.zaxxer.hikari.HikariDataSource       : HikariPool-1 - Starting...
2025-05-15T23:13:13.177+05:30  INFO 680 --- [loans] [           main] com.zaxxer.hikari.pool.HikariPool        : HikariPool-1 - Added connection conn0: url=jdbc:h2:mem:testdb user=SA
2025-05-15T23:13:13.206+05:30  INFO 680 --- [loans] [           main] com.zaxxer.hikari.HikariDataSource       : HikariPool-1 - Start completed.
2025-05-15T23:13:13.845+05:30  INFO 680 --- [loans] [           main] o.hibernate.jpa.internal.util.LogHelper  : HHH000204: Processing PersistenceUnitInfo [name: default]
2025-05-15T23:13:14.056+05:30  INFO 680 --- [loans] [           main] org.hibernate.Version                    : HHH000412: Hibernate ORM core version 6.4.4.Final
2025-05-15T23:13:14.169+05:30  INFO 680 --- [loans] [           main] o.h.c.internal.RegionFactoryInitiator    : HHH000026: Second-level cache disabled
2025-05-15T23:13:15.135+05:30  INFO 680 --- [loans] [           main] o.s.o.j.p.SpringPersistenceUnitInfo      : No LoadTimeWeaver setup: ignoring JPA class transformer
2025-05-15T23:13:15.298+05:30  WARN 680 --- [loans] [           main] org.hibernate.orm.deprecation            : HHH90000025: H2Dialect does not need to be specified explicitly using 'hibernate.dialect' (remove the property setting and it will be selected by default)
2025-05-15T23:13:17.126+05:30  INFO 680 --- [loans] [           main] o.h.e.t.j.p.i.JtaPlatformInitiator       : HHH000489: No JTA platform available (set 'hibernate.transaction.jta.platform' to enable JTA platform integration)
Hibernate: alter table if exists loans alter column loan_id set data type bigint
Hibernate: alter table if exists loans alter column created_at set data type timestamp(6)
Hibernate: alter table if exists loans alter column updated_at set data type timestamp(6)
2025-05-15T23:13:17.245+05:30  INFO 680 --- [loans] [           main] j.LocalContainerEntityManagerFactoryBean : Initialized JPA EntityManagerFactory for persistence unit 'default'
2025-05-15T23:13:19.073+05:30  WARN 680 --- [loans] [           main] JpaBaseConfiguration$JpaWebConfiguration : spring.jpa.open-in-view is enabled by default. Therefore, database queries may be performed during view rendering. Explicitly configure spring.jpa.open-in-view to disable this warning
2025-05-15T23:13:21.997+05:30  INFO 680 --- [loans] [           main] o.s.b.a.h2.H2ConsoleAutoConfiguration    : H2 console available at '/h2-console'. Database available at 'jdbc:h2:mem:testdb'
2025-05-15T23:13:22.414+05:30  INFO 680 --- [loans] [           main] DiscoveryClientOptionalArgsConfiguration : Eureka HTTP Client uses RestTemplate.
2025-05-15T23:13:22.611+05:30  WARN 680 --- [loans] [           main] iguration$LoadBalancerCaffeineWarnLogger : Spring Cloud LoadBalancer is currently working with the default cache. While this cache implementation is useful for development and tests, it's recommended to use Caffeine cache in production.You can switch to using Caffeine cache, by adding it and org.springframework.cache.caffeine.CaffeineCacheManager to the classpath.
2025-05-15T23:13:22.647+05:30  INFO 680 --- [loans] [           main] o.s.b.a.e.web.EndpointLinksResolver      : Exposing 16 endpoint(s) beneath base path '/actuator'
2025-05-15T23:13:22.877+05:30  INFO 680 --- [loans] [           main] o.s.c.n.eureka.InstanceInfoFactory       : Setting initial instance status as: STARTING
2025-05-15T23:13:23.107+05:30  INFO 680 --- [loans] [           main] com.netflix.discovery.DiscoveryClient    : Initializing Eureka in region us-east-1
2025-05-15T23:13:23.118+05:30  INFO 680 --- [loans] [           main] c.n.d.s.r.aws.ConfigClusterResolver      : Resolving eureka endpoints via configuration
2025-05-15T23:13:23.182+05:30  INFO 680 --- [loans] [           main] com.netflix.discovery.DiscoveryClient    : Disable delta property : false
2025-05-15T23:13:23.182+05:30  INFO 680 --- [loans] [           main] com.netflix.discovery.DiscoveryClient    : Single vip registry refresh property : null
2025-05-15T23:13:23.183+05:30  INFO 680 --- [loans] [           main] com.netflix.discovery.DiscoveryClient    : Force full registry fetch : false
2025-05-15T23:13:23.183+05:30  INFO 680 --- [loans] [           main] com.netflix.discovery.DiscoveryClient    : Application is null : false
2025-05-15T23:13:23.183+05:30  INFO 680 --- [loans] [           main] com.netflix.discovery.DiscoveryClient    : Registered Applications size is zero : true
2025-05-15T23:13:23.183+05:30  INFO 680 --- [loans] [           main] com.netflix.discovery.DiscoveryClient    : Application version is -1: true
2025-05-15T23:13:23.183+05:30  INFO 680 --- [loans] [           main] com.netflix.discovery.DiscoveryClient    : Getting all instance registry info from the eureka server
2025-05-15T23:13:23.978+05:30  INFO 680 --- [loans] [           main] com.netflix.discovery.DiscoveryClient    : The response status is 200
2025-05-15T23:13:23.985+05:30  INFO 680 --- [loans] [           main] com.netflix.discovery.DiscoveryClient    : Starting heartbeat executor: renew interval is: 30
2025-05-15T23:13:23.993+05:30  INFO 680 --- [loans] [           main] c.n.discovery.InstanceInfoReplicator     : InstanceInfoReplicator onDemand update allowed rate per min is 4
2025-05-15T23:13:24.004+05:30  INFO 680 --- [loans] [           main] com.netflix.discovery.DiscoveryClient    : Discovery Client initialized at timestamp 1747331004003 with initial instances count: 2
2025-05-15T23:13:24.018+05:30  INFO 680 --- [loans] [           main] o.s.c.n.e.s.EurekaServiceRegistry        : Registering application LOANS with eureka with status UP
2025-05-15T23:13:24.020+05:30  INFO 680 --- [loans] [           main] com.netflix.discovery.DiscoveryClient    : Saw local status change event StatusChangeEvent [timestamp=1747331004020, current=UP, previous=STARTING]
2025-05-15T23:13:24.024+05:30  INFO 680 --- [loans] [nfoReplicator-0] com.netflix.discovery.DiscoveryClient    : DiscoveryClient_LOANS/DESKTOP-U31GBQI:loans:8090: registering service...
2025-05-15T23:13:24.119+05:30  INFO 680 --- [loans] [           main] c.example.loans.LoansApplicationTests    : Started LoansApplicationTests in 22.807 seconds (process running for 25.107)
2025-05-15T23:13:24.177+05:30  INFO 680 --- [loans] [nfoReplicator-0] com.netflix.discovery.DiscoveryClient    : DiscoveryClient_LOANS/DESKTOP-U31GBQI:loans:8090 - registration status: 204
]]></system-out>
  </testcase>
</testsuite>