<?xml version="1.0" encoding="UTF-8"?>
<testsuite xmlns:xsi="http://www.w3.org/2001/XMLSchema-instance" xsi:noNamespaceSchemaLocation="https://maven.apache.org/surefire/maven-surefire-plugin/xsd/surefire-test-report.xsd" version="3.0.2" name="com.eazybytes.cards.CardsApplicationTests" time="41.343" tests="1" errors="0" skipped="0" failures="0">
  <properties>
[...]
</properties>
  <testcase name="contextLoads" classname="com.eazybytes.cards.CardsApplicationTests" time="2.116">
    <system-out><![CDATA[08:02:50.841 [main] INFO org.springframework.test.context.support.AnnotationConfigContextLoaderUtils -- Could not detect default configuration classes for test class [com.eazybytes.cards.CardsApplicationTests]: CardsApplicationTests does not declare any static, non-private, non-final, nested classes annotated with @Configuration.
08:02:51.124 [main] INFO org.springframework.boot.test.context.SpringBootTestContextBootstrapper -- Found @SpringBootConfiguration com.eazybytes.cards.CardsApplication for test class com.eazybytes.cards.CardsApplicationTests
08:02:52.322 [main] INFO org.springframework.boot.devtools.restart.RestartApplicationListener -- Restart disabled due to context in which it is running

  .   ____          _            __ _ _
 /\\ / ___'_ __ _ _(_)_ __  __ _ \ \ \ \
( ( )\___ | '_ | '_| | '_ \/ _` | \ \ \ \
 \\/  ___)| |_)| | | | | || (_| |  ) ) ) )
  '  |____| .__|_| |_|_| |_\__, | / / / /
 =========|_|==============|___/=/_/_/_/

 :: Spring Boot ::                (v3.4.4)

2025-05-11T08:03:00.873+05:30  INFO 5936 --- [cards] [           main] c.eazybytes.cards.CardsApplicationTests  : Starting CardsApplicationTests using Java 17.0.12 with PID 5936 (started by abcd in D:\JAVA\UDemy\Microservices\Section7\cards)
2025-05-11T08:03:00.878+05:30  INFO 5936 --- [cards] [           main] c.eazybytes.cards.CardsApplicationTests  : The following 1 profile is active: "prod"
2025-05-11T08:03:01.044+05:30  INFO 5936 --- [cards] [           main] o.s.c.c.c.ConfigServerConfigDataLoader   : Fetching config from server at : http://localhost:8071/
2025-05-11T08:03:01.045+05:30  INFO 5936 --- [cards] [           main] o.s.c.c.c.ConfigServerConfigDataLoader   : Located environment: name=cards, profiles=[default], label=null, version=f569329adecf1389c38a4c37ee1f451f2902fdd2, state=
2025-05-11T08:03:01.046+05:30  INFO 5936 --- [cards] [           main] o.s.c.c.c.ConfigServerConfigDataLoader   : Fetching config from server at : http://localhost:8071/
2025-05-11T08:03:01.047+05:30  INFO 5936 --- [cards] [           main] o.s.c.c.c.ConfigServerConfigDataLoader   : Located environment: name=cards, profiles=[prod], label=null, version=f569329adecf1389c38a4c37ee1f451f2902fdd2, state=
2025-05-11T08:03:06.146+05:30  INFO 5936 --- [cards] [           main] .s.d.r.c.RepositoryConfigurationDelegate : Bootstrapping Spring Data JPA repositories in DEFAULT mode.
2025-05-11T08:03:06.398+05:30  INFO 5936 --- [cards] [           main] .s.d.r.c.RepositoryConfigurationDelegate : Finished Spring Data repository scanning in 210 ms. Found 1 JPA repository interface.
2025-05-11T08:03:06.897+05:30  INFO 5936 --- [cards] [           main] o.s.cloud.context.scope.GenericScope     : BeanFactory id=572d15d2-eeab-3f3c-98b9-7ed92b01ad34
2025-05-11T08:03:09.470+05:30  INFO 5936 --- [cards] [           main] com.zaxxer.hikari.HikariDataSource       : HikariPool-1 - Starting...
2025-05-11T08:03:11.011+05:30  INFO 5936 --- [cards] [           main] com.zaxxer.hikari.pool.HikariPool        : HikariPool-1 - Added connection com.mysql.cj.jdbc.ConnectionImpl@1dcad16f
2025-05-11T08:03:11.018+05:30  INFO 5936 --- [cards] [           main] com.zaxxer.hikari.HikariDataSource       : HikariPool-1 - Start completed.
2025-05-11T08:03:13.640+05:30  INFO 5936 --- [cards] [           main] o.hibernate.jpa.internal.util.LogHelper  : HHH000204: Processing PersistenceUnitInfo [name: default]
2025-05-11T08:03:15.266+05:30  INFO 5936 --- [cards] [           main] org.hibernate.Version                    : HHH000412: Hibernate ORM core version 6.6.11.Final
2025-05-11T08:03:15.584+05:30  INFO 5936 --- [cards] [           main] o.h.c.internal.RegionFactoryInitiator    : HHH000026: Second-level cache disabled
2025-05-11T08:03:16.700+05:30  INFO 5936 --- [cards] [           main] o.s.o.j.p.SpringPersistenceUnitInfo      : No LoadTimeWeaver setup: ignoring JPA class transformer
2025-05-11T08:03:17.244+05:30  INFO 5936 --- [cards] [           main] org.hibernate.orm.connections.pooling    : HHH10001005: Database info:
	Database JDBC URL [Connecting through datasource 'HikariDataSource (HikariPool-1)']
	Database driver: undefined/unknown
	Database version: 9.3
	Autocommit mode: undefined/unknown
	Isolation level: undefined/unknown
	Minimum pool size: undefined/unknown
	Maximum pool size: undefined/unknown
2025-05-11T08:03:19.806+05:30  INFO 5936 --- [cards] [           main] o.h.e.t.j.p.i.JtaPlatformInitiator       : HHH000489: No JTA platform available (set 'hibernate.transaction.jta.platform' to enable JTA platform integration)
Hibernate: create table cards (card_id bigint not null auto_increment, created_at datetime(6), created_by varchar(255), updated_at datetime(6), updated_by varchar(255), amount_used integer not null, available_amount integer not null, card_number varchar(255), card_type varchar(255), mobile_number varchar(255), total_limit integer not null, primary key (card_id)) engine=InnoDB
2025-05-11T08:03:20.105+05:30  INFO 5936 --- [cards] [           main] j.LocalContainerEntityManagerFactoryBean : Initialized JPA EntityManagerFactory for persistence unit 'default'
2025-05-11T08:03:23.720+05:30  WARN 5936 --- [cards] [           main] JpaBaseConfiguration$JpaWebConfiguration : spring.jpa.open-in-view is enabled by default. Therefore, database queries may be performed during view rendering. Explicitly configure spring.jpa.open-in-view to disable this warning
2025-05-11T08:03:28.876+05:30  INFO 5936 --- [cards] [           main] o.s.b.a.e.web.EndpointLinksResolver      : Exposing 16 endpoints beneath base path '/actuator'
2025-05-11T08:03:29.295+05:30  INFO 5936 --- [cards] [           main] c.eazybytes.cards.CardsApplicationTests  : Started CardsApplicationTests in 37.142 seconds (process running for 40.46)
]]></system-out>
  </testcase>
</testsuite>