<?xml version="1.0" encoding="UTF-8"?>
<testsuite xmlns:xsi="http://www.w3.org/2001/XMLSchema-instance" xsi:noNamespaceSchemaLocation="https://maven.apache.org/surefire/maven-surefire-plugin/xsd/surefire-test-report-3.0.xsd" version="3.0" name="com.EasyBytes.account.AccountApplicationTests" time="21.745" tests="1" errors="0" skipped="0" failures="0">
  <properties>
[...]
</properties>
  <testcase name="contextLoads" classname="com.EasyBytes.account.AccountApplicationTests" time="1.238">
    <system-out><![CDATA[07:20:25.636 [main] INFO org.springframework.test.context.support.AnnotationConfigContextLoaderUtils -- Could not detect default configuration classes for test class [com.EasyBytes.account.AccountApplicationTests]: AccountApplicationTests does not declare any static, non-private, non-final, nested classes annotated with @Configuration.
07:20:25.852 [main] INFO org.springframework.boot.test.context.SpringBootTestContextBootstrapper -- Found @SpringBootConfiguration com.EasyBytes.account.AccountApplication for test class com.EasyBytes.account.AccountApplicationTests
07:20:26.267 [main] INFO org.springframework.boot.devtools.restart.RestartApplicationListener -- Restart disabled due to context in which it is running

  .   ____          _            __ _ _
 /\\ / ___'_ __ _ _(_)_ __  __ _ \ \ \ \
( ( )\___ | '_ | '_| | '_ \/ _` | \ \ \ \
 \\/  ___)| |_)| | | | | || (_| |  ) ) ) )
  '  |____| .__|_| |_|_| |_\__, | / / / /
 =========|_|==============|___/=/_/_/_/
 :: Spring Boot ::                (v3.2.4)

2025-05-16T07:20:29.827+05:30  INFO 11088 --- [accounts] [           main] c.E.account.AccountApplicationTests      : Starting AccountApplicationTests using Java 17.0.12 with PID 11088 (started by abcd in D:\JAVA\UDemy\Microservices\Section8\accounts)
2025-05-16T07:20:29.833+05:30  INFO 11088 --- [accounts] [           main] c.E.account.AccountApplicationTests      : The following 1 profile is active: "prod"
2025-05-16T07:20:30.220+05:30  INFO 11088 --- [accounts] [           main] o.s.c.c.c.ConfigServerConfigDataLoader   : Fetching config from server at : http://localhost:8071/
2025-05-16T07:20:30.220+05:30  INFO 11088 --- [accounts] [           main] o.s.c.c.c.ConfigServerConfigDataLoader   : Located environment: name=accounts, profiles=[default], label=null, version=d576e40992ce972d32663a2c9f137935a3f9c6e2, state=
2025-05-16T07:20:30.220+05:30  INFO 11088 --- [accounts] [           main] o.s.c.c.c.ConfigServerConfigDataLoader   : Fetching config from server at : http://localhost:8071/
2025-05-16T07:20:30.222+05:30  INFO 11088 --- [accounts] [           main] o.s.c.c.c.ConfigServerConfigDataLoader   : Located environment: name=accounts, profiles=[prod], label=null, version=d576e40992ce972d32663a2c9f137935a3f9c6e2, state=
2025-05-16T07:20:34.471+05:30  INFO 11088 --- [accounts] [           main] .s.d.r.c.RepositoryConfigurationDelegate : Bootstrapping Spring Data JPA repositories in DEFAULT mode.
2025-05-16T07:20:34.788+05:30  INFO 11088 --- [accounts] [           main] .s.d.r.c.RepositoryConfigurationDelegate : Finished Spring Data repository scanning in 308 ms. Found 2 JPA repository interfaces.
2025-05-16T07:20:35.519+05:30  INFO 11088 --- [accounts] [           main] o.s.cloud.context.scope.GenericScope     : BeanFactory id=ec2ae1b3-b7ea-3fbb-ae79-9b0b43b274da
2025-05-16T07:20:35.847+05:30  WARN 11088 --- [accounts] [           main] trationDelegate$BeanPostProcessorChecker : Bean 'org.springframework.ws.config.annotation.DelegatingWsConfiguration' of type [org.springframework.ws.config.annotation.DelegatingWsConfiguration$$SpringCGLIB$$0] is not eligible for getting processed by all BeanPostProcessors (for example: not eligible for auto-proxying). The currently created BeanPostProcessor [annotationActionEndpointMapping] is declared through a non-static factory method on that class; consider declaring it as static instead.
2025-05-16T07:20:35.918+05:30  INFO 11088 --- [accounts] [           main] .w.s.a.s.AnnotationActionEndpointMapping : Supporting [WS-Addressing August 2004, WS-Addressing 1.0]
2025-05-16T07:20:36.302+05:30  WARN 11088 --- [accounts] [           main] trationDelegate$BeanPostProcessorChecker : Bean 'org.springframework.cloud.client.loadbalancer.LoadBalancerAutoConfiguration$DeferringLoadBalancerInterceptorConfig' of type [org.springframework.cloud.client.loadbalancer.LoadBalancerAutoConfiguration$DeferringLoadBalancerInterceptorConfig] is not eligible for getting processed by all BeanPostProcessors (for example: not eligible for auto-proxying). The currently created BeanPostProcessor [lbRestClientPostProcessor] is declared through a non-static factory method on that class; consider declaring it as static instead.
2025-05-16T07:20:36.307+05:30  WARN 11088 --- [accounts] [           main] trationDelegate$BeanPostProcessorChecker : Bean 'deferringLoadBalancerInterceptor' of type [org.springframework.cloud.client.loadbalancer.DeferringLoadBalancerInterceptor] is not eligible for getting processed by all BeanPostProcessors (for example: not eligible for auto-proxying). Is this bean getting eagerly injected into a currently created BeanPostProcessor [lbRestClientPostProcessor]? Check the corresponding BeanPostProcessor declaration and its dependencies.
2025-05-16T07:20:36.555+05:30  INFO 11088 --- [accounts] [           main] com.zaxxer.hikari.HikariDataSource       : HikariPool-1 - Starting...
2025-05-16T07:20:36.899+05:30  INFO 11088 --- [accounts] [           main] com.zaxxer.hikari.pool.HikariPool        : HikariPool-1 - Added connection conn0: url=jdbc:h2:mem:testdb user=SA
2025-05-16T07:20:36.901+05:30  INFO 11088 --- [accounts] [           main] com.zaxxer.hikari.HikariDataSource       : HikariPool-1 - Start completed.
2025-05-16T07:20:37.186+05:30  INFO 11088 --- [accounts] [           main] o.hibernate.jpa.internal.util.LogHelper  : HHH000204: Processing PersistenceUnitInfo [name: default]
2025-05-16T07:20:37.303+05:30  INFO 11088 --- [accounts] [           main] org.hibernate.Version                    : HHH000412: Hibernate ORM core version 6.4.4.Final
2025-05-16T07:20:37.433+05:30  INFO 11088 --- [accounts] [           main] o.h.c.internal.RegionFactoryInitiator    : HHH000026: Second-level cache disabled
2025-05-16T07:20:37.977+05:30  INFO 11088 --- [accounts] [           main] o.s.o.j.p.SpringPersistenceUnitInfo      : No LoadTimeWeaver setup: ignoring JPA class transformer
2025-05-16T07:20:38.085+05:30  WARN 11088 --- [accounts] [           main] org.hibernate.orm.deprecation            : HHH90000025: H2Dialect does not need to be specified explicitly using 'hibernate.dialect' (remove the property setting and it will be selected by default)
2025-05-16T07:20:39.542+05:30  INFO 11088 --- [accounts] [           main] o.h.e.t.j.p.i.JtaPlatformInitiator       : HHH000489: No JTA platform available (set 'hibernate.transaction.jta.platform' to enable JTA platform integration)
Hibernate: 
    alter table if exists account 
       alter column account_number set data type bigint
Hibernate: 
    alter table if exists account 
       alter column created_at set data type timestamp(6)
Hibernate: 
    alter table if exists account 
       alter column updated_at set data type timestamp(6)
Hibernate: 
    alter table if exists account 
       alter column customer_idf set data type bigint
Hibernate: 
    alter table if exists customer 
       alter column customer_id set data type bigint
Hibernate: 
    alter table if exists customer 
       alter column created_at set data type timestamp(6)
Hibernate: 
    alter table if exists customer 
       alter column updated_at set data type timestamp(6)
2025-05-16T07:20:39.638+05:30  INFO 11088 --- [accounts] [           main] j.LocalContainerEntityManagerFactoryBean : Initialized JPA EntityManagerFactory for persistence unit 'default'
2025-05-16T07:20:41.308+05:30  WARN 11088 --- [accounts] [           main] JpaBaseConfiguration$JpaWebConfiguration : spring.jpa.open-in-view is enabled by default. Therefore, database queries may be performed during view rendering. Explicitly configure spring.jpa.open-in-view to disable this warning
2025-05-16T07:20:43.837+05:30  INFO 11088 --- [accounts] [           main] o.s.b.a.h2.H2ConsoleAutoConfiguration    : H2 console available at '/h2-console'. Database available at 'jdbc:h2:mem:testdb'
2025-05-16T07:20:44.266+05:30  INFO 11088 --- [accounts] [           main] DiscoveryClientOptionalArgsConfiguration : Eureka HTTP Client uses RestTemplate.
2025-05-16T07:20:44.468+05:30  WARN 11088 --- [accounts] [           main] iguration$LoadBalancerCaffeineWarnLogger : Spring Cloud LoadBalancer is currently working with the default cache. While this cache implementation is useful for development and tests, it's recommended to use Caffeine cache in production.You can switch to using Caffeine cache, by adding it and org.springframework.cache.caffeine.CaffeineCacheManager to the classpath.
2025-05-16T07:20:44.492+05:30  INFO 11088 --- [accounts] [           main] o.s.b.a.e.web.EndpointLinksResolver      : Exposing 17 endpoint(s) beneath base path '/actuator'
2025-05-16T07:20:44.699+05:30  INFO 11088 --- [accounts] [           main] o.s.c.n.eureka.InstanceInfoFactory       : Setting initial instance status as: STARTING
2025-05-16T07:20:44.841+05:30  INFO 11088 --- [accounts] [           main] com.netflix.discovery.DiscoveryClient    : Initializing Eureka in region us-east-1
2025-05-16T07:20:44.848+05:30  INFO 11088 --- [accounts] [           main] c.n.d.s.r.aws.ConfigClusterResolver      : Resolving eureka endpoints via configuration
2025-05-16T07:20:44.911+05:30  INFO 11088 --- [accounts] [           main] com.netflix.discovery.DiscoveryClient    : Disable delta property : false
2025-05-16T07:20:44.916+05:30  INFO 11088 --- [accounts] [           main] com.netflix.discovery.DiscoveryClient    : Single vip registry refresh property : null
2025-05-16T07:20:44.918+05:30  INFO 11088 --- [accounts] [           main] com.netflix.discovery.DiscoveryClient    : Force full registry fetch : false
2025-05-16T07:20:44.920+05:30  INFO 11088 --- [accounts] [           main] com.netflix.discovery.DiscoveryClient    : Application is null : false
2025-05-16T07:20:44.920+05:30  INFO 11088 --- [accounts] [           main] com.netflix.discovery.DiscoveryClient    : Registered Applications size is zero : true
2025-05-16T07:20:44.920+05:30  INFO 11088 --- [accounts] [           main] com.netflix.discovery.DiscoveryClient    : Application version is -1: true
2025-05-16T07:20:44.920+05:30  INFO 11088 --- [accounts] [           main] com.netflix.discovery.DiscoveryClient    : Getting all instance registry info from the eureka server
2025-05-16T07:20:45.607+05:30  INFO 11088 --- [accounts] [           main] com.netflix.discovery.DiscoveryClient    : The response status is 200
2025-05-16T07:20:45.613+05:30  INFO 11088 --- [accounts] [           main] com.netflix.discovery.DiscoveryClient    : Starting heartbeat executor: renew interval is: 30
2025-05-16T07:20:45.618+05:30  INFO 11088 --- [accounts] [           main] c.n.discovery.InstanceInfoReplicator     : InstanceInfoReplicator onDemand update allowed rate per min is 4
2025-05-16T07:20:45.627+05:30  INFO 11088 --- [accounts] [           main] com.netflix.discovery.DiscoveryClient    : Discovery Client initialized at timestamp 1747360245626 with initial instances count: 4
2025-05-16T07:20:45.638+05:30  INFO 11088 --- [accounts] [           main] o.s.c.n.e.s.EurekaServiceRegistry        : Registering application ACCOUNTS with eureka with status UP
2025-05-16T07:20:45.639+05:30  INFO 11088 --- [accounts] [           main] com.netflix.discovery.DiscoveryClient    : Saw local status change event StatusChangeEvent [timestamp=1747360245639, current=UP, previous=STARTING]
2025-05-16T07:20:45.644+05:30  INFO 11088 --- [accounts] [nfoReplicator-0] com.netflix.discovery.DiscoveryClient    : DiscoveryClient_ACCOUNTS/DESKTOP-U31GBQI:accounts:8080: registering service...
2025-05-16T07:20:45.724+05:30  INFO 11088 --- [accounts] [           main] c.E.account.AccountApplicationTests      : Started AccountApplicationTests in 19.493 seconds (process running for 21.722)
2025-05-16T07:20:45.845+05:30  INFO 11088 --- [accounts] [nfoReplicator-0] com.netflix.discovery.DiscoveryClient    : DiscoveryClient_ACCOUNTS/DESKTOP-U31GBQI:accounts:8080 - registration status: 204
Hello World
]]></system-out>
  </testcase>
</testsuite>